<testsuite errors="0" failures="0" hostname="C02CR7P5ML85" name="my_feature_smoke_fe.My Feature 4" skipped="0" tests="1" time="0.000215" timestamp="2020-08-20T21:48:47.681587"><testcase classname="my_feature_smoke_fe.My Feature 4" name="Scenario 1 of Feature 4" status="passed" time="0.000215"><system-out>
<![CDATA[
@scenario.begin
  Scenario: Scenario 1 of Feature 4
    Given I am a passing step ... passed in 0.000s
    Then I am a passing step ... passed in 0.000s

@scenario.end
--------------------------------------------------------------------------------

Captured stdout:
1ST PASS
1ST PASS
1ST PASS
1ST PASS
1ST PASS
1ST PASS

]]>
</system-out></testcase></testsuite>